trtcmeetingdemo/build/intermediates/manifest_merge_blame_file/debug/manifest-merger-blame-debug-report.txt
1<?xml version="1.0" encoding="utf-8"?>
2<manifest xmlns:android="http://schemas.android.com/apk/res/android"
3    package="com.tencent.liteav.demo.trtc"
4    android:versionCode="1"
5    android:versionName="1.0" >
6
7    <uses-sdk
8        android:minSdkVersion="19"
8-->src/main/AndroidManifest.xml
9        android:targetSdkVersion="26" />
9-->src/main/AndroidManifest.xml
10
11    <uses-permission android:name="android.permission.SYSTEM_ALERT_WINDOW" />
11-->src/main/AndroidManifest.xml:5:5-78
11-->src/main/AndroidManifest.xml:5:22-75
12
13    <application>
13-->src/main/AndroidManifest.xml:7:5-21:19
14        <activity
14-->src/main/AndroidManifest.xml:8:9-11:75
15            android:name="com.tencent.liteav.meeting.ui.MeetingMainActivity"
15-->src/main/AndroidManifest.xml:8:19-83
16            android:launchMode="singleTop"
16-->src/main/AndroidManifest.xml:10:13-43
17            android:screenOrientation="portrait"
17-->src/main/AndroidManifest.xml:9:13-49
18            android:theme="@style/Theme.AppCompat.NoActionBar" />
18-->src/main/AndroidManifest.xml:11:13-63
19        <activity
19-->src/main/AndroidManifest.xml:12:9-16:66
20            android:name="com.tencent.liteav.meeting.ui.CreateMeetingActivity"
20-->src/main/AndroidManifest.xml:13:13-79
21            android:launchMode="singleTask"
21-->src/main/AndroidManifest.xml:14:13-44
22            android:screenOrientation="portrait"
22-->src/main/AndroidManifest.xml:15:13-49
23            android:theme="@style/Theme.AppCompat.NoActionBar" />
23-->src/main/AndroidManifest.xml:16:13-63
24        <activity
24-->src/main/AndroidManifest.xml:18:9-20:64
25            android:name="com.tencent.rtmp.video.TXScreenCapture$TXScreenCaptureAssistantActivity"
25-->src/main/AndroidManifest.xml:19:13-99
26            android:theme="@android:style/Theme.Translucent" />
26-->src/main/AndroidManifest.xml:20:13-61
27    </application>
28
29</manifest>